<?xml version="1.0" encoding="UTF-8"?>
<!-- Generated by org.testng.reporters.JUnitReportReporter -->
<testsuite hostname="Sony-PC" failures="0" tests="1" name="ArraysAndStrings.ArraysAndStrings.ArrayInitalization2ndWayTest" time="0.023" errors="0" timestamp="2021-11-05T16:46:10 IST" skipped="0">
  <testcase classname="ArraysAndStrings.ArraysAndStrings.ArrayInitalization2ndWayTest" name="f" time="0.023"/>
  <system-out/>
</testsuite> <!-- ArraysAndStrings.ArraysAndStrings.ArrayInitalization2ndWayTest -->
