<?xml version="1.0" encoding="UTF-8"?>
<!-- Generated by org.testng.reporters.JUnitReportReporter -->
<testsuite hostname="Sony-PC" failures="0" tests="2" name="TestNG.TestNGSampleProgram2" time="0.794" errors="0" timestamp="2021-11-06T09:14:21 IST" skipped="0">
  <testcase classname="TestNG.TestNGSampleProgram2" name="enterTextInTheFiedl" time="0.431"/>
  <system-out/>
  <testcase classname="TestNG.TestNGSampleProgram2" name="enterTextInTheFied2" time="0.363"/>
  <system-out/>
</testsuite> <!-- TestNG.TestNGSampleProgram2 -->
